<?xml version="1.0" encoding="UTF-8"?>
<!-- Generated by org.testng.reporters.JUnitReportReporter -->
<testsuite hostname="DESKTOP-JF9C1BP" failures="0" tests="2" name="test_pages.Login_Page_Test" time="5.867" errors="0" timestamp="2023-06-23T21:59:58 IST" skipped="0">
  <testcase classname="test_pages.Login_Page_Test" name="loginpageTitle" time="0.223"/>
  <testcase classname="test_pages.Login_Page_Test" name="loginpageTest" time="5.644"/>
</testsuite> <!-- test_pages.Login_Page_Test -->
