<?xml version="1.0" encoding="UTF-8"?>
<!-- Generated by org.testng.reporters.JUnitReportReporter -->
<testsuite hostname="DESKTOP-JF9C1BP" failures="0" tests="4" name="test_pages.OpenNew_Account_Test" time="10.556" errors="0" timestamp="2023-06-12T09:48:37 IST" skipped="0">
  <testcase classname="test_pages.OpenNew_Account_Test" name="verifyPageTitle" time="2.035"/>
  <testcase classname="test_pages.OpenNew_Account_Test" name="SelectAccountType" time="3.327"/>
  <testcase classname="test_pages.OpenNew_Account_Test" name="createnewAccount" time="3.138"/>
  <testcase classname="test_pages.OpenNew_Account_Test" name="verifyCreatedAccountNumber" time="2.056"/>
</testsuite> <!-- test_pages.OpenNew_Account_Test -->
