<?xml version="1.0" encoding="UTF-8"?>
<!-- Generated by org.testng.reporters.JUnitReportReporter -->
<testsuite hostname="DESKTOP-JF9C1BP" failures="0" tests="2" name="test_pages.Login_Page_Test" time="6.047" errors="0" timestamp="2023-07-03T15:05:07 IST" skipped="0">
  <testcase classname="test_pages.Login_Page_Test" name="loginpageTitle" time="0.027"/>
  <testcase classname="test_pages.Login_Page_Test" name="loginpageTest" time="6.020"/>
</testsuite> <!-- test_pages.Login_Page_Test -->
