<?xml version="1.0" encoding="UTF-8"?>
<!-- Generated by org.testng.reporters.JUnitReportReporter -->
<testsuite hostname="DESKTOP-JF9C1BP" failures="0" tests="2" name="test_pages.Home_Page_Test" time="7.097" errors="0" timestamp="2023-06-12T07:46:05 IST" skipped="0">
  <testcase classname="test_pages.Home_Page_Test" name="loginpageTest" time="6.525"/>
  <testcase classname="test_pages.Home_Page_Test" name="clickOnOpenNewAccountTest" time="0.572"/>
</testsuite> <!-- test_pages.Home_Page_Test -->
